


ARM Macro Assembler    Page 1 


    1 00000000         ;/******************************************************
                       ***********************
    2 00000000         ; * @file:    startup_LPC54608.s
    3 00000000         ; * @purpose: CMSIS Cortex-M4 Core Device Startup File f
                       or the
    4 00000000         ; *           LPC54608
    5 00000000         ; * @version: 1.2
    6 00000000         ; * @date:    2017-6-8
    7 00000000         ; *
    8 00000000         ; * Copyright 1997-2016 Freescale Semiconductor, Inc.
    9 00000000         ; * Copyright 2016-2018 NXP
   10 00000000         ; *
   11 00000000         ; * SPDX-License-Identifier: BSD-3-Clause
   12 00000000         ; *
   13 00000000         ; *------- <<< Use Configuration Wizard in Context Menu 
                       >>> ------------------
   14 00000000         ; *
   15 00000000         ; ******************************************************
                       ***********************/
   16 00000000         
   17 00000000         
   18 00000000                 PRESERVE8
   19 00000000                 THUMB
   20 00000000         
   21 00000000         ; Vector Table Mapped to Address 0 at Reset
   22 00000000                 AREA             RESET, DATA, READONLY
   23 00000000                 EXPORT           __Vectors
   24 00000000                 IMPORT           |Image$$ARM_LIB_STACK$$ZI$$Limi
t|
   25 00000000         
   26 00000000 00000000 
                       __Vectors
                               DCD              |Image$$ARM_LIB_STACK$$ZI$$Limi
t| 
                                                            ; Top of Stack
   27 00000004 00000000        DCD              Reset_Handler ; Reset Handler
   28 00000008         
   29 00000008 00000000        DCD              NMI_Handler
   30 0000000C 00000000        DCD              HardFault_Handler
   31 00000010 00000000        DCD              MemManage_Handler
   32 00000014 00000000        DCD              BusFault_Handler
   33 00000018 00000000        DCD              UsageFault_Handler
   34 0000001C         __vector_table_0x1c
   35 0000001C 00000000        DCD              0           ; Checksum of the f
                                                            irst 7 words
   36 00000020 FFFFFFFF        DCD              0xFFFFFFFF  ; ECRP
   37 00000024 00000000        DCD              0           ; Enhanced image ma
                                                            rker, set to 0x0 fo
                                                            r legacy boot
   38 00000028 00000000        DCD              0           ; Pointer to enhanc
                                                            ed boot block, set 
                                                            to 0x0 for legacy b
                                                            oot
   39 0000002C 00000000        DCD              SVC_Handler
   40 00000030 00000000        DCD              DebugMon_Handler
   41 00000034 00000000        DCD              0
   42 00000038 00000000        DCD              PendSV_Handler
   43 0000003C 00000000        DCD              SysTick_Handler
   44 00000040         



ARM Macro Assembler    Page 2 


   45 00000040         ; External Interrupts
   46 00000040 00000000        DCD              WDT_BOD_IRQHandler ; Windowed w
                                                            atchdog timer, Brow
                                                            nout detect
   47 00000044 00000000        DCD              DMA0_IRQHandler 
                                                            ; DMA controller
   48 00000048 00000000        DCD              GINT0_IRQHandler ; GPIO group 0
                                                            
   49 0000004C 00000000        DCD              GINT1_IRQHandler ; GPIO group 1
                                                            
   50 00000050 00000000        DCD              PIN_INT0_IRQHandler ; Pin inter
                                                            rupt 0 or pattern m
                                                            atch engine slice 0
                                                            
   51 00000054 00000000        DCD              PIN_INT1_IRQHandler ; Pin inter
                                                            rupt 1or pattern ma
                                                            tch engine slice 1
   52 00000058 00000000        DCD              PIN_INT2_IRQHandler ; Pin inter
                                                            rupt 2 or pattern m
                                                            atch engine slice 2
                                                            
   53 0000005C 00000000        DCD              PIN_INT3_IRQHandler ; Pin inter
                                                            rupt 3 or pattern m
                                                            atch engine slice 3
                                                            
   54 00000060 00000000        DCD              UTICK0_IRQHandler 
                                                            ; Micro-tick Timer
   55 00000064 00000000        DCD              MRT0_IRQHandler 
                                                            ; Multi-rate timer
   56 00000068 00000000        DCD              CTIMER0_IRQHandler ; Standard c
                                                            ounter/timer CTIMER
                                                            0
   57 0000006C 00000000        DCD              CTIMER1_IRQHandler ; Standard c
                                                            ounter/timer CTIMER
                                                            1
   58 00000070 00000000        DCD              SCT0_IRQHandler ; SCTimer/PWM
   59 00000074 00000000        DCD              CTIMER3_IRQHandler ; Standard c
                                                            ounter/timer CTIMER
                                                            3
   60 00000078 00000000        DCD              FLEXCOMM0_IRQHandler ; Flexcomm
                                                             Interface 0 (USART
                                                            , SPI, I2C, FLEXCOM
                                                            M)
   61 0000007C 00000000        DCD              FLEXCOMM1_IRQHandler ; Flexcomm
                                                             Interface 1 (USART
                                                            , SPI, I2C, FLEXCOM
                                                            M)
   62 00000080 00000000        DCD              FLEXCOMM2_IRQHandler ; Flexcomm
                                                             Interface 2 (USART
                                                            , SPI, I2C, FLEXCOM
                                                            M)
   63 00000084 00000000        DCD              FLEXCOMM3_IRQHandler ; Flexcomm
                                                             Interface 3 (USART
                                                            , SPI, I2C, FLEXCOM
                                                            M)
   64 00000088 00000000        DCD              FLEXCOMM4_IRQHandler ; Flexcomm
                                                             Interface 4 (USART
                                                            , SPI, I2C, FLEXCOM
                                                            M)



ARM Macro Assembler    Page 3 


   65 0000008C 00000000        DCD              FLEXCOMM5_IRQHandler ; Flexcomm
                                                             Interface 5 (USART
                                                            , SPI, I2C,, FLEXCO
                                                            MM)
   66 00000090 00000000        DCD              FLEXCOMM6_IRQHandler ; Flexcomm
                                                             Interface 6 (USART
                                                            , SPI, I2C, I2S,, F
                                                            LEXCOMM)
   67 00000094 00000000        DCD              FLEXCOMM7_IRQHandler ; Flexcomm
                                                             Interface 7 (USART
                                                            , SPI, I2C, I2S,, F
                                                            LEXCOMM)
   68 00000098 00000000        DCD              ADC0_SEQA_IRQHandler ; ADC0 seq
                                                            uence A completion.
                                                            
   69 0000009C 00000000        DCD              ADC0_SEQB_IRQHandler ; ADC0 seq
                                                            uence B completion.
                                                            
   70 000000A0 00000000        DCD              ADC0_THCMP_IRQHandler ; ADC0 th
                                                            reshold compare and
                                                             error.
   71 000000A4 00000000        DCD              DMIC0_IRQHandler ; Digital micr
                                                            ophone and DMIC sub
                                                            system
   72 000000A8 00000000        DCD              HWVAD0_IRQHandler ; Hardware Vo
                                                            ice Activity Detect
                                                            or
   73 000000AC 00000000        DCD              USB0_NEEDCLK_IRQHandler ; USB A
                                                            ctivity Wake-up Int
                                                            errupt
   74 000000B0 00000000        DCD              USB0_IRQHandler ; USB device
   75 000000B4 00000000        DCD              RTC_IRQHandler ; RTC alarm and 
                                                            wake-up interrupts
   76 000000B8 00000000        DCD              Reserved46_IRQHandler ; Reserve
                                                            d interrupt
   77 000000BC 00000000        DCD              Reserved47_IRQHandler ; Reserve
                                                            d interrupt
   78 000000C0 00000000        DCD              PIN_INT4_IRQHandler ; Pin inter
                                                            rupt 4 or pattern m
                                                            atch engine slice 4
                                                             int
   79 000000C4 00000000        DCD              PIN_INT5_IRQHandler ; Pin inter
                                                            rupt 5 or pattern m
                                                            atch engine slice 5
                                                             int
   80 000000C8 00000000        DCD              PIN_INT6_IRQHandler ; Pin inter
                                                            rupt 6 or pattern m
                                                            atch engine slice 6
                                                             int
   81 000000CC 00000000        DCD              PIN_INT7_IRQHandler ; Pin inter
                                                            rupt 7 or pattern m
                                                            atch engine slice 7
                                                             int
   82 000000D0 00000000        DCD              CTIMER2_IRQHandler ; Standard c
                                                            ounter/timer CTIMER
                                                            2
   83 000000D4 00000000        DCD              CTIMER4_IRQHandler ; Standard c
                                                            ounter/timer CTIMER
                                                            4



ARM Macro Assembler    Page 4 


   84 000000D8 00000000        DCD              RIT_IRQHandler ; Repetitive Int
                                                            errupt Timer
   85 000000DC 00000000        DCD              SPIFI0_IRQHandler ; SPI flash i
                                                            nterface
   86 000000E0 00000000        DCD              FLEXCOMM8_IRQHandler ; Flexcomm
                                                             Interface 8 (USART
                                                            , SPI, I2C, FLEXCOM
                                                            M)
   87 000000E4 00000000        DCD              FLEXCOMM9_IRQHandler ; Flexcomm
                                                             Interface 9 (USART
                                                            , SPI, I2C, FLEXCOM
                                                            M)
   88 000000E8 00000000        DCD              SDIO_IRQHandler ; SD/MMC
   89 000000EC 00000000        DCD              CAN0_IRQ0_IRQHandler 
                                                            ; CAN0 interrupt0
   90 000000F0 00000000        DCD              CAN0_IRQ1_IRQHandler 
                                                            ; CAN0 interrupt1
   91 000000F4 00000000        DCD              CAN1_IRQ0_IRQHandler 
                                                            ; CAN1 interrupt0
   92 000000F8 00000000        DCD              CAN1_IRQ1_IRQHandler 
                                                            ; CAN1 interrupt1
   93 000000FC 00000000        DCD              USB1_IRQHandler 
                                                            ; USB1 interrupt
   94 00000100 00000000        DCD              USB1_NEEDCLK_IRQHandler 
                                                            ; USB1 activity
   95 00000104 00000000        DCD              ETHERNET_IRQHandler ; Ethernet
   96 00000108 00000000        DCD              ETHERNET_PMT_IRQHandler ; Ether
                                                            net power managemen
                                                            t interrupt
   97 0000010C 00000000        DCD              ETHERNET_MACLP_IRQHandler ; Eth
                                                            ernet MAC interrupt
                                                            
   98 00000110 00000000        DCD              EEPROM_IRQHandler 
                                                            ; EEPROM interrupt
   99 00000114 00000000        DCD              LCD_IRQHandler ; LCD interrupt
  100 00000118 00000000        DCD              SHA_IRQHandler ; SHA interrupt
  101 0000011C 00000000        DCD              SMARTCARD0_IRQHandler ; Smart c
                                                            ard 0 interrupt
  102 00000120 00000000        DCD              SMARTCARD1_IRQHandler ; Smart c
                                                            ard 1 interrupt
  103 00000124         
  104 00000124                 AREA             |.text|, CODE, READONLY
  105 00000000         
  106 00000000         ; Reset Handler
  107 00000000         Reset_Handler
                               PROC
  108 00000000                 EXPORT           Reset_Handler               [WE
AK]
  109 00000000                 IMPORT           SystemInit
  110 00000000                 IMPORT           __main
  111 00000000         
  112 00000000 2038            MOVS             r0,#56
  113 00000002 4941            LDR              r1, =0x40000220
  114 00000004 6008            STR              r0, [r1]    ;Enable SRAM clock 
                                                            used by Stack
  115 00000006         
  116 00000006 4841            LDR              r0, =SystemInit
  117 00000008 4780            BLX              r0
  118 0000000A 4841            LDR              r0, =__main



ARM Macro Assembler    Page 5 


  119 0000000C 4700            BX               r0
  120 0000000E                 ENDP
  121 0000000E         
  122 0000000E         ; Dummy Exception Handlers (infinite loops which can be 
                       modified)
  123 0000000E         NMI_Handler
                               PROC
  124 0000000E                 EXPORT           NMI_Handler               [WEAK
]
  125 0000000E E7FE            B                .
  126 00000010                 ENDP
  127 00000010         
  129 00000010         HardFault_Handler
                               PROC
  130 00000010                 EXPORT           HardFault_Handler         [WEAK
]
  131 00000010 E7FE            B                .
  132 00000012                 ENDP
  133 00000012         
  134 00000012         MemManage_Handler
                               PROC
  135 00000012                 EXPORT           MemManage_Handler         [WEAK
]
  136 00000012 E7FE            B                .
  137 00000014                 ENDP
  138 00000014         
  139 00000014         BusFault_Handler
                               PROC
  140 00000014                 EXPORT           BusFault_Handler          [WEAK
]
  141 00000014 E7FE            B                .
  142 00000016                 ENDP
  143 00000016         
  144 00000016         UsageFault_Handler
                               PROC
  145 00000016                 EXPORT           UsageFault_Handler        [WEAK
]
  146 00000016 E7FE            B                .
  147 00000018                 ENDP
  148 00000018         
  149 00000018         SVC_Handler
                               PROC
  150 00000018                 EXPORT           SVC_Handler               [WEAK
]
  151 00000018 E7FE            B                .
  152 0000001A                 ENDP
  153 0000001A         
  154 0000001A         DebugMon_Handler
                               PROC
  155 0000001A                 EXPORT           DebugMon_Handler          [WEAK
]
  156 0000001A E7FE            B                .
  157 0000001C                 ENDP
  158 0000001C         
  159 0000001C         PendSV_Handler
                               PROC
  160 0000001C                 EXPORT           PendSV_Handler            [WEAK
]
  161 0000001C E7FE            B                .



ARM Macro Assembler    Page 6 


  162 0000001E                 ENDP
  163 0000001E         
  164 0000001E         SysTick_Handler
                               PROC
  165 0000001E                 EXPORT           SysTick_Handler           [WEAK
]
  166 0000001E E7FE            B                .
  167 00000020                 ENDP
  168 00000020         
  170 00000020         WDT_BOD_IRQHandler
                               PROC
  171 00000020                 EXPORT           WDT_BOD_IRQHandler        [WEAK
]
  172 00000020 483C            LDR              R0, =WDT_BOD_DriverIRQHandler
  173 00000022 4700            BX               R0
  174 00000024                 ENDP
  175 00000024         
  177 00000024         DMA0_IRQHandler
                               PROC
  178 00000024                 EXPORT           DMA0_IRQHandler        [WEAK]
  179 00000024 483C            LDR              R0, =DMA0_DriverIRQHandler
  180 00000026 4700            BX               R0
  181 00000028                 ENDP
  182 00000028         
  184 00000028         GINT0_IRQHandler
                               PROC
  185 00000028                 EXPORT           GINT0_IRQHandler        [WEAK]
  186 00000028 483C            LDR              R0, =GINT0_DriverIRQHandler
  187 0000002A 4700            BX               R0
  188 0000002C                 ENDP
  189 0000002C         
  191 0000002C         GINT1_IRQHandler
                               PROC
  192 0000002C                 EXPORT           GINT1_IRQHandler        [WEAK]
  193 0000002C 483C            LDR              R0, =GINT1_DriverIRQHandler
  194 0000002E 4700            BX               R0
  195 00000030                 ENDP
  196 00000030         
  198 00000030         PIN_INT0_IRQHandler
                               PROC
  199 00000030                 EXPORT           PIN_INT0_IRQHandler        [WEA
K]
  200 00000030 483C            LDR              R0, =PIN_INT0_DriverIRQHandler
  201 00000032 4700            BX               R0
  202 00000034                 ENDP
  203 00000034         
  205 00000034         PIN_INT1_IRQHandler
                               PROC
  206 00000034                 EXPORT           PIN_INT1_IRQHandler        [WEA
K]
  207 00000034 483C            LDR              R0, =PIN_INT1_DriverIRQHandler
  208 00000036 4700            BX               R0
  209 00000038                 ENDP
  210 00000038         
  212 00000038         PIN_INT2_IRQHandler
                               PROC
  213 00000038                 EXPORT           PIN_INT2_IRQHandler        [WEA
K]
  214 00000038 483C            LDR              R0, =PIN_INT2_DriverIRQHandler



ARM Macro Assembler    Page 7 


  215 0000003A 4700            BX               R0
  216 0000003C                 ENDP
  217 0000003C         
  219 0000003C         PIN_INT3_IRQHandler
                               PROC
  220 0000003C                 EXPORT           PIN_INT3_IRQHandler        [WEA
K]
  221 0000003C 483C            LDR              R0, =PIN_INT3_DriverIRQHandler
  222 0000003E 4700            BX               R0
  223 00000040                 ENDP
  224 00000040         
  226 00000040         UTICK0_IRQHandler
                               PROC
  227 00000040                 EXPORT           UTICK0_IRQHandler        [WEAK]
  228 00000040 483C            LDR              R0, =UTICK0_DriverIRQHandler
  229 00000042 4700            BX               R0
  230 00000044                 ENDP
  231 00000044         
  233 00000044         MRT0_IRQHandler
                               PROC
  234 00000044                 EXPORT           MRT0_IRQHandler        [WEAK]
  235 00000044 483C            LDR              R0, =MRT0_DriverIRQHandler
  236 00000046 4700            BX               R0
  237 00000048                 ENDP
  238 00000048         
  240 00000048         CTIMER0_IRQHandler
                               PROC
  241 00000048                 EXPORT           CTIMER0_IRQHandler        [WEAK
]
  242 00000048 483C            LDR              R0, =CTIMER0_DriverIRQHandler
  243 0000004A 4700            BX               R0
  244 0000004C                 ENDP
  245 0000004C         
  247 0000004C         CTIMER1_IRQHandler
                               PROC
  248 0000004C                 EXPORT           CTIMER1_IRQHandler        [WEAK
]
  249 0000004C 483C            LDR              R0, =CTIMER1_DriverIRQHandler
  250 0000004E 4700            BX               R0
  251 00000050                 ENDP
  252 00000050         
  254 00000050         SCT0_IRQHandler
                               PROC
  255 00000050                 EXPORT           SCT0_IRQHandler        [WEAK]
  256 00000050 483C            LDR              R0, =SCT0_DriverIRQHandler
  257 00000052 4700            BX               R0
  258 00000054                 ENDP
  259 00000054         
  261 00000054         CTIMER3_IRQHandler
                               PROC
  262 00000054                 EXPORT           CTIMER3_IRQHandler        [WEAK
]
  263 00000054 483C            LDR              R0, =CTIMER3_DriverIRQHandler
  264 00000056 4700            BX               R0
  265 00000058                 ENDP
  266 00000058         
  268 00000058         FLEXCOMM0_IRQHandler
                               PROC
  269 00000058                 EXPORT           FLEXCOMM0_IRQHandler        [WE



ARM Macro Assembler    Page 8 


AK]
  270 00000058 483C            LDR              R0, =FLEXCOMM0_DriverIRQHandler
  271 0000005A 4700            BX               R0
  272 0000005C                 ENDP
  273 0000005C         
  275 0000005C         FLEXCOMM1_IRQHandler
                               PROC
  276 0000005C                 EXPORT           FLEXCOMM1_IRQHandler        [WE
AK]
  277 0000005C 483C            LDR              R0, =FLEXCOMM1_DriverIRQHandler
  278 0000005E 4700            BX               R0
  279 00000060                 ENDP
  280 00000060         
  282 00000060         FLEXCOMM2_IRQHandler
                               PROC
  283 00000060                 EXPORT           FLEXCOMM2_IRQHandler        [WE
AK]
  284 00000060 483C            LDR              R0, =FLEXCOMM2_DriverIRQHandler
  285 00000062 4700            BX               R0
  286 00000064                 ENDP
  287 00000064         
  289 00000064         FLEXCOMM3_IRQHandler
                               PROC
  290 00000064                 EXPORT           FLEXCOMM3_IRQHandler        [WE
AK]
  291 00000064 483C            LDR              R0, =FLEXCOMM3_DriverIRQHandler
  292 00000066 4700            BX               R0
  293 00000068                 ENDP
  294 00000068         
  296 00000068         FLEXCOMM4_IRQHandler
                               PROC
  297 00000068                 EXPORT           FLEXCOMM4_IRQHandler        [WE
AK]
  298 00000068 483C            LDR              R0, =FLEXCOMM4_DriverIRQHandler
  299 0000006A 4700            BX               R0
  300 0000006C                 ENDP
  301 0000006C         
  303 0000006C         FLEXCOMM5_IRQHandler
                               PROC
  304 0000006C                 EXPORT           FLEXCOMM5_IRQHandler        [WE
AK]
  305 0000006C 483C            LDR              R0, =FLEXCOMM5_DriverIRQHandler
  306 0000006E 4700            BX               R0
  307 00000070                 ENDP
  308 00000070         
  310 00000070         FLEXCOMM6_IRQHandler
                               PROC
  311 00000070                 EXPORT           FLEXCOMM6_IRQHandler        [WE
AK]
  312 00000070 483C            LDR              R0, =FLEXCOMM6_DriverIRQHandler
  313 00000072 4700            BX               R0
  314 00000074                 ENDP
  315 00000074         
  317 00000074         FLEXCOMM7_IRQHandler
                               PROC
  318 00000074                 EXPORT           FLEXCOMM7_IRQHandler        [WE
AK]
  319 00000074 483C            LDR              R0, =FLEXCOMM7_DriverIRQHandler
  320 00000076 4700            BX               R0



ARM Macro Assembler    Page 9 


  321 00000078                 ENDP
  322 00000078         
  324 00000078         ADC0_SEQA_IRQHandler
                               PROC
  325 00000078                 EXPORT           ADC0_SEQA_IRQHandler        [WE
AK]
  326 00000078 483C            LDR              R0, =ADC0_SEQA_DriverIRQHandler
  327 0000007A 4700            BX               R0
  328 0000007C                 ENDP
  329 0000007C         
  331 0000007C         ADC0_SEQB_IRQHandler
                               PROC
  332 0000007C                 EXPORT           ADC0_SEQB_IRQHandler        [WE
AK]
  333 0000007C 483C            LDR              R0, =ADC0_SEQB_DriverIRQHandler
  334 0000007E 4700            BX               R0
  335 00000080                 ENDP
  336 00000080         
  338 00000080         ADC0_THCMP_IRQHandler
                               PROC
  339 00000080                 EXPORT           ADC0_THCMP_IRQHandler        [W
EAK]
  340 00000080 483C            LDR              R0, =ADC0_THCMP_DriverIRQHandle
r
  341 00000082 4700            BX               R0
  342 00000084                 ENDP
  343 00000084         
  345 00000084         DMIC0_IRQHandler
                               PROC
  346 00000084                 EXPORT           DMIC0_IRQHandler        [WEAK]
  347 00000084 483C            LDR              R0, =DMIC0_DriverIRQHandler
  348 00000086 4700            BX               R0
  349 00000088                 ENDP
  350 00000088         
  352 00000088         HWVAD0_IRQHandler
                               PROC
  353 00000088                 EXPORT           HWVAD0_IRQHandler        [WEAK]
  354 00000088 483C            LDR              R0, =HWVAD0_DriverIRQHandler
  355 0000008A 4700            BX               R0
  356 0000008C                 ENDP
  357 0000008C         
  359 0000008C         USB0_NEEDCLK_IRQHandler
                               PROC
  360 0000008C                 EXPORT           USB0_NEEDCLK_IRQHandler        
[WEAK]
  361 0000008C 483C            LDR              R0, =USB0_NEEDCLK_DriverIRQHand
ler
  362 0000008E 4700            BX               R0
  363 00000090                 ENDP
  364 00000090         
  366 00000090         USB0_IRQHandler
                               PROC
  367 00000090                 EXPORT           USB0_IRQHandler        [WEAK]
  368 00000090 483C            LDR              R0, =USB0_DriverIRQHandler
  369 00000092 4700            BX               R0
  370 00000094                 ENDP
  371 00000094         
  373 00000094         RTC_IRQHandler
                               PROC



ARM Macro Assembler    Page 10 


  374 00000094                 EXPORT           RTC_IRQHandler        [WEAK]
  375 00000094 483C            LDR              R0, =RTC_DriverIRQHandler
  376 00000096 4700            BX               R0
  377 00000098                 ENDP
  378 00000098         
  380 00000098         Reserved46_IRQHandler
                               PROC
  381 00000098                 EXPORT           Reserved46_IRQHandler        [W
EAK]
  382 00000098 483C            LDR              R0, =Reserved46_DriverIRQHandle
r
  383 0000009A 4700            BX               R0
  384 0000009C                 ENDP
  385 0000009C         
  387 0000009C         Reserved47_IRQHandler
                               PROC
  388 0000009C                 EXPORT           Reserved47_IRQHandler        [W
EAK]
  389 0000009C 483C            LDR              R0, =Reserved47_DriverIRQHandle
r
  390 0000009E 4700            BX               R0
  391 000000A0                 ENDP
  392 000000A0         
  394 000000A0         PIN_INT4_IRQHandler
                               PROC
  395 000000A0                 EXPORT           PIN_INT4_IRQHandler        [WEA
K]
  396 000000A0 483C            LDR              R0, =PIN_INT4_DriverIRQHandler
  397 000000A2 4700            BX               R0
  398 000000A4                 ENDP
  399 000000A4         
  401 000000A4         PIN_INT5_IRQHandler
                               PROC
  402 000000A4                 EXPORT           PIN_INT5_IRQHandler        [WEA
K]
  403 000000A4 483C            LDR              R0, =PIN_INT5_DriverIRQHandler
  404 000000A6 4700            BX               R0
  405 000000A8                 ENDP
  406 000000A8         
  408 000000A8         PIN_INT6_IRQHandler
                               PROC
  409 000000A8                 EXPORT           PIN_INT6_IRQHandler        [WEA
K]
  410 000000A8 483C            LDR              R0, =PIN_INT6_DriverIRQHandler
  411 000000AA 4700            BX               R0
  412 000000AC                 ENDP
  413 000000AC         
  415 000000AC         PIN_INT7_IRQHandler
                               PROC
  416 000000AC                 EXPORT           PIN_INT7_IRQHandler        [WEA
K]
  417 000000AC 483C            LDR              R0, =PIN_INT7_DriverIRQHandler
  418 000000AE 4700            BX               R0
  419 000000B0                 ENDP
  420 000000B0         
  422 000000B0         CTIMER2_IRQHandler
                               PROC
  423 000000B0                 EXPORT           CTIMER2_IRQHandler        [WEAK
]



ARM Macro Assembler    Page 11 


  424 000000B0 483C            LDR              R0, =CTIMER2_DriverIRQHandler
  425 000000B2 4700            BX               R0
  426 000000B4                 ENDP
  427 000000B4         
  429 000000B4         CTIMER4_IRQHandler
                               PROC
  430 000000B4                 EXPORT           CTIMER4_IRQHandler        [WEAK
]
  431 000000B4 483C            LDR              R0, =CTIMER4_DriverIRQHandler
  432 000000B6 4700            BX               R0
  433 000000B8                 ENDP
  434 000000B8         
  436 000000B8         RIT_IRQHandler
                               PROC
  437 000000B8                 EXPORT           RIT_IRQHandler        [WEAK]
  438 000000B8 483C            LDR              R0, =RIT_DriverIRQHandler
  439 000000BA 4700            BX               R0
  440 000000BC                 ENDP
  441 000000BC         
  443 000000BC         SPIFI0_IRQHandler
                               PROC
  444 000000BC                 EXPORT           SPIFI0_IRQHandler        [WEAK]
  445 000000BC 483C            LDR              R0, =SPIFI0_DriverIRQHandler
  446 000000BE 4700            BX               R0
  447 000000C0                 ENDP
  448 000000C0         
  450 000000C0         FLEXCOMM8_IRQHandler
                               PROC
  451 000000C0                 EXPORT           FLEXCOMM8_IRQHandler        [WE
AK]
  452 000000C0 483C            LDR              R0, =FLEXCOMM8_DriverIRQHandler
  453 000000C2 4700            BX               R0
  454 000000C4                 ENDP
  455 000000C4         
  457 000000C4         FLEXCOMM9_IRQHandler
                               PROC
  458 000000C4                 EXPORT           FLEXCOMM9_IRQHandler        [WE
AK]
  459 000000C4 483C            LDR              R0, =FLEXCOMM9_DriverIRQHandler
  460 000000C6 4700            BX               R0
  461 000000C8                 ENDP
  462 000000C8         
  464 000000C8         SDIO_IRQHandler
                               PROC
  465 000000C8                 EXPORT           SDIO_IRQHandler        [WEAK]
  466 000000C8 483C            LDR              R0, =SDIO_DriverIRQHandler
  467 000000CA 4700            BX               R0
  468 000000CC                 ENDP
  469 000000CC         
  471 000000CC         CAN0_IRQ0_IRQHandler
                               PROC
  472 000000CC                 EXPORT           CAN0_IRQ0_IRQHandler        [WE
AK]
  473 000000CC 483C            LDR              R0, =CAN0_IRQ0_DriverIRQHandler
  474 000000CE 4700            BX               R0
  475 000000D0                 ENDP
  476 000000D0         
  478 000000D0         CAN0_IRQ1_IRQHandler
                               PROC



ARM Macro Assembler    Page 12 


  479 000000D0                 EXPORT           CAN0_IRQ1_IRQHandler        [WE
AK]
  480 000000D0 483C            LDR              R0, =CAN0_IRQ1_DriverIRQHandler
  481 000000D2 4700            BX               R0
  482 000000D4                 ENDP
  483 000000D4         
  485 000000D4         CAN1_IRQ0_IRQHandler
                               PROC
  486 000000D4                 EXPORT           CAN1_IRQ0_IRQHandler        [WE
AK]
  487 000000D4 483C            LDR              R0, =CAN1_IRQ0_DriverIRQHandler
  488 000000D6 4700            BX               R0
  489 000000D8                 ENDP
  490 000000D8         
  492 000000D8         CAN1_IRQ1_IRQHandler
                               PROC
  493 000000D8                 EXPORT           CAN1_IRQ1_IRQHandler        [WE
AK]
  494 000000D8 483C            LDR              R0, =CAN1_IRQ1_DriverIRQHandler
  495 000000DA 4700            BX               R0
  496 000000DC                 ENDP
  497 000000DC         
  499 000000DC         USB1_IRQHandler
                               PROC
  500 000000DC                 EXPORT           USB1_IRQHandler        [WEAK]
  501 000000DC 483C            LDR              R0, =USB1_DriverIRQHandler
  502 000000DE 4700            BX               R0
  503 000000E0                 ENDP
  504 000000E0         
  506 000000E0         USB1_NEEDCLK_IRQHandler
                               PROC
  507 000000E0                 EXPORT           USB1_NEEDCLK_IRQHandler        
[WEAK]
  508 000000E0 483C            LDR              R0, =USB1_NEEDCLK_DriverIRQHand
ler
  509 000000E2 4700            BX               R0
  510 000000E4                 ENDP
  511 000000E4         
  513 000000E4         ETHERNET_IRQHandler
                               PROC
  514 000000E4                 EXPORT           ETHERNET_IRQHandler        [WEA
K]
  515 000000E4 483C            LDR              R0, =ETHERNET_DriverIRQHandler
  516 000000E6 4700            BX               R0
  517 000000E8                 ENDP
  518 000000E8         
  520 000000E8         ETHERNET_PMT_IRQHandler
                               PROC
  521 000000E8                 EXPORT           ETHERNET_PMT_IRQHandler        
[WEAK]
  522 000000E8 483C            LDR              R0, =ETHERNET_PMT_DriverIRQHand
ler
  523 000000EA 4700            BX               R0
  524 000000EC                 ENDP
  525 000000EC         
  527 000000EC         ETHERNET_MACLP_IRQHandler
                               PROC
  528 000000EC                 EXPORT           ETHERNET_MACLP_IRQHandler      
  [WEAK]



ARM Macro Assembler    Page 13 


  529 000000EC 483C            LDR              R0, =ETHERNET_MACLP_DriverIRQHa
ndler
  530 000000EE 4700            BX               R0
  531 000000F0                 ENDP
  532 000000F0         
  534 000000F0         EEPROM_IRQHandler
                               PROC
  535 000000F0                 EXPORT           EEPROM_IRQHandler        [WEAK]
  536 000000F0 483C            LDR              R0, =EEPROM_DriverIRQHandler
  537 000000F2 4700            BX               R0
  538 000000F4                 ENDP
  539 000000F4         
  541 000000F4         LCD_IRQHandler
                               PROC
  542 000000F4                 EXPORT           LCD_IRQHandler        [WEAK]
  543 000000F4 483C            LDR              R0, =LCD_DriverIRQHandler
  544 000000F6 4700            BX               R0
  545 000000F8                 ENDP
  546 000000F8         
  548 000000F8         SHA_IRQHandler
                               PROC
  549 000000F8                 EXPORT           SHA_IRQHandler        [WEAK]
  550 000000F8 483C            LDR              R0, =SHA_DriverIRQHandler
  551 000000FA 4700            BX               R0
  552 000000FC                 ENDP
  553 000000FC         
  555 000000FC         SMARTCARD0_IRQHandler
                               PROC
  556 000000FC                 EXPORT           SMARTCARD0_IRQHandler        [W
EAK]
  557 000000FC 483C            LDR              R0, =SMARTCARD0_DriverIRQHandle
r
  558 000000FE 4700            BX               R0
  559 00000100                 ENDP
  560 00000100         
  562 00000100         SMARTCARD1_IRQHandler
                               PROC
  563 00000100                 EXPORT           SMARTCARD1_IRQHandler        [W
EAK]
  564 00000100 483C            LDR              R0, =SMARTCARD1_DriverIRQHandle
r
  565 00000102 4700            BX               R0
  566 00000104                 ENDP
  567 00000104         
  568 00000104         Default_Handler
                               PROC
  569 00000104                 EXPORT           WDT_BOD_DriverIRQHandler       
 [WEAK]
  570 00000104                 EXPORT           DMA0_DriverIRQHandler        [W
EAK]
  571 00000104                 EXPORT           GINT0_DriverIRQHandler        [
WEAK]
  572 00000104                 EXPORT           GINT1_DriverIRQHandler        [
WEAK]
  573 00000104                 EXPORT           PIN_INT0_DriverIRQHandler      
  [WEAK]
  574 00000104                 EXPORT           PIN_INT1_DriverIRQHandler      
  [WEAK]
  575 00000104                 EXPORT           PIN_INT2_DriverIRQHandler      



ARM Macro Assembler    Page 14 


  [WEAK]
  576 00000104                 EXPORT           PIN_INT3_DriverIRQHandler      
  [WEAK]
  577 00000104                 EXPORT           UTICK0_DriverIRQHandler        
[WEAK]
  578 00000104                 EXPORT           MRT0_DriverIRQHandler        [W
EAK]
  579 00000104                 EXPORT           CTIMER0_DriverIRQHandler       
 [WEAK]
  580 00000104                 EXPORT           CTIMER1_DriverIRQHandler       
 [WEAK]
  581 00000104                 EXPORT           SCT0_DriverIRQHandler        [W
EAK]
  582 00000104                 EXPORT           CTIMER3_DriverIRQHandler       
 [WEAK]
  583 00000104                 EXPORT           FLEXCOMM0_DriverIRQHandler     
   [WEAK]
  584 00000104                 EXPORT           FLEXCOMM1_DriverIRQHandler     
   [WEAK]
  585 00000104                 EXPORT           FLEXCOMM2_DriverIRQHandler     
   [WEAK]
  586 00000104                 EXPORT           FLEXCOMM3_DriverIRQHandler     
   [WEAK]
  587 00000104                 EXPORT           FLEXCOMM4_DriverIRQHandler     
   [WEAK]
  588 00000104                 EXPORT           FLEXCOMM5_DriverIRQHandler     
   [WEAK]
  589 00000104                 EXPORT           FLEXCOMM6_DriverIRQHandler     
   [WEAK]
  590 00000104                 EXPORT           FLEXCOMM7_DriverIRQHandler     
   [WEAK]
  591 00000104                 EXPORT           ADC0_SEQA_DriverIRQHandler     
   [WEAK]
  592 00000104                 EXPORT           ADC0_SEQB_DriverIRQHandler     
   [WEAK]
  593 00000104                 EXPORT           ADC0_THCMP_DriverIRQHandler    
    [WEAK]
  594 00000104                 EXPORT           DMIC0_DriverIRQHandler        [
WEAK]
  595 00000104                 EXPORT           HWVAD0_DriverIRQHandler        
[WEAK]
  596 00000104                 EXPORT           USB0_NEEDCLK_DriverIRQHandler  
      [WEAK]
  597 00000104                 EXPORT           USB0_DriverIRQHandler        [W
EAK]
  598 00000104                 EXPORT           RTC_DriverIRQHandler        [WE
AK]
  599 00000104                 EXPORT           Reserved46_DriverIRQHandler    
    [WEAK]
  600 00000104                 EXPORT           Reserved47_DriverIRQHandler    
    [WEAK]
  601 00000104                 EXPORT           PIN_INT4_DriverIRQHandler      
  [WEAK]
  602 00000104                 EXPORT           PIN_INT5_DriverIRQHandler      
  [WEAK]
  603 00000104                 EXPORT           PIN_INT6_DriverIRQHandler      
  [WEAK]
  604 00000104                 EXPORT           PIN_INT7_DriverIRQHandler      
  [WEAK]



ARM Macro Assembler    Page 15 


  605 00000104                 EXPORT           CTIMER2_DriverIRQHandler       
 [WEAK]
  606 00000104                 EXPORT           CTIMER4_DriverIRQHandler       
 [WEAK]
  607 00000104                 EXPORT           RIT_DriverIRQHandler        [WE
AK]
  608 00000104                 EXPORT           SPIFI0_DriverIRQHandler        
[WEAK]
  609 00000104                 EXPORT           FLEXCOMM8_DriverIRQHandler     
   [WEAK]
  610 00000104                 EXPORT           FLEXCOMM9_DriverIRQHandler     
   [WEAK]
  611 00000104                 EXPORT           SDIO_DriverIRQHandler        [W
EAK]
  612 00000104                 EXPORT           CAN0_IRQ0_DriverIRQHandler     
   [WEAK]
  613 00000104                 EXPORT           CAN0_IRQ1_DriverIRQHandler     
   [WEAK]
  614 00000104                 EXPORT           CAN1_IRQ0_DriverIRQHandler     
   [WEAK]
  615 00000104                 EXPORT           CAN1_IRQ1_DriverIRQHandler     
   [WEAK]
  616 00000104                 EXPORT           USB1_DriverIRQHandler        [W
EAK]
  617 00000104                 EXPORT           USB1_NEEDCLK_DriverIRQHandler  
      [WEAK]
  618 00000104                 EXPORT           ETHERNET_DriverIRQHandler      
  [WEAK]
  619 00000104                 EXPORT           ETHERNET_PMT_DriverIRQHandler  
      [WEAK]
  620 00000104                 EXPORT           ETHERNET_MACLP_DriverIRQHandler
        [WEAK]
  621 00000104                 EXPORT           EEPROM_DriverIRQHandler        
[WEAK]
  622 00000104                 EXPORT           LCD_DriverIRQHandler        [WE
AK]
  623 00000104                 EXPORT           SHA_DriverIRQHandler        [WE
AK]
  624 00000104                 EXPORT           SMARTCARD0_DriverIRQHandler    
    [WEAK]
  625 00000104                 EXPORT           SMARTCARD1_DriverIRQHandler    
    [WEAK]
  626 00000104         
  627 00000104         WDT_BOD_DriverIRQHandler
  628 00000104         DMA0_DriverIRQHandler
  629 00000104         GINT0_DriverIRQHandler
  630 00000104         GINT1_DriverIRQHandler
  631 00000104         PIN_INT0_DriverIRQHandler
  632 00000104         PIN_INT1_DriverIRQHandler
  633 00000104         PIN_INT2_DriverIRQHandler
  634 00000104         PIN_INT3_DriverIRQHandler
  635 00000104         UTICK0_DriverIRQHandler
  636 00000104         MRT0_DriverIRQHandler
  637 00000104         CTIMER0_DriverIRQHandler
  638 00000104         CTIMER1_DriverIRQHandler
  639 00000104         SCT0_DriverIRQHandler
  640 00000104         CTIMER3_DriverIRQHandler
  641 00000104         FLEXCOMM0_DriverIRQHandler
  642 00000104         FLEXCOMM1_DriverIRQHandler



ARM Macro Assembler    Page 16 


  643 00000104         FLEXCOMM2_DriverIRQHandler
  644 00000104         FLEXCOMM3_DriverIRQHandler
  645 00000104         FLEXCOMM4_DriverIRQHandler
  646 00000104         FLEXCOMM5_DriverIRQHandler
  647 00000104         FLEXCOMM6_DriverIRQHandler
  648 00000104         FLEXCOMM7_DriverIRQHandler
  649 00000104         ADC0_SEQA_DriverIRQHandler
  650 00000104         ADC0_SEQB_DriverIRQHandler
  651 00000104         ADC0_THCMP_DriverIRQHandler
  652 00000104         DMIC0_DriverIRQHandler
  653 00000104         HWVAD0_DriverIRQHandler
  654 00000104         USB0_NEEDCLK_DriverIRQHandler
  655 00000104         USB0_DriverIRQHandler
  656 00000104         RTC_DriverIRQHandler
  657 00000104         Reserved46_DriverIRQHandler
  658 00000104         Reserved47_DriverIRQHandler
  659 00000104         PIN_INT4_DriverIRQHandler
  660 00000104         PIN_INT5_DriverIRQHandler
  661 00000104         PIN_INT6_DriverIRQHandler
  662 00000104         PIN_INT7_DriverIRQHandler
  663 00000104         CTIMER2_DriverIRQHandler
  664 00000104         CTIMER4_DriverIRQHandler
  665 00000104         RIT_DriverIRQHandler
  666 00000104         SPIFI0_DriverIRQHandler
  667 00000104         FLEXCOMM8_DriverIRQHandler
  668 00000104         FLEXCOMM9_DriverIRQHandler
  669 00000104         SDIO_DriverIRQHandler
  670 00000104         CAN0_IRQ0_DriverIRQHandler
  671 00000104         CAN0_IRQ1_DriverIRQHandler
  672 00000104         CAN1_IRQ0_DriverIRQHandler
  673 00000104         CAN1_IRQ1_DriverIRQHandler
  674 00000104         USB1_DriverIRQHandler
  675 00000104         USB1_NEEDCLK_DriverIRQHandler
  676 00000104         ETHERNET_DriverIRQHandler
  677 00000104         ETHERNET_PMT_DriverIRQHandler
  678 00000104         ETHERNET_MACLP_DriverIRQHandler
  679 00000104         EEPROM_DriverIRQHandler
  680 00000104         LCD_DriverIRQHandler
  681 00000104         SHA_DriverIRQHandler
  682 00000104         SMARTCARD0_DriverIRQHandler
  683 00000104         SMARTCARD1_DriverIRQHandler
  684 00000104         
  685 00000104 E7FE            B                .
  686 00000106         
  687 00000106                 ENDP
  688 00000106         
  689 00000106         
  690 00000106 00 00           ALIGN
  691 00000108         
  692 00000108         
  693 00000108                 END
              40000220 
              00000000 
              00000000 
              00000000 
              00000000 
              00000000 
              00000000 
              00000000 



ARM Macro Assembler    Page 17 


              00000000 
              00000000 
              00000000 
              00000000 
              00000000 
              00000000 
              00000000 
              00000000 
              00000000 
              00000000 
              00000000 
              00000000 
              00000000 
              00000000 
              00000000 
              00000000 
              00000000 
              00000000 
              00000000 
              00000000 
              00000000 
              00000000 
              00000000 
              00000000 
              00000000 
              00000000 
              00000000 
              00000000 
              00000000 
              00000000 
              00000000 
              00000000 
              00000000 
              00000000 
              00000000 
              00000000 
              00000000 
              00000000 
              00000000 
              00000000 
              00000000 
              00000000 
              00000000 
              00000000 
              00000000 
              00000000 
              00000000 
              00000000 
              00000000 
              00000000 
              00000000 
              00000000 
Command Line: --debug --diag_suppress=9931 --cpu=Cortex-M4.fp --apcs=interwork 
--depend=debug\startup_lpc54608.d -odebug\startup_lpc54608.o -I.\RTE\_5509main_
board -IC:\Users\gxg05\AppData\Local\Arm\Packs\Keil\LPC54000_DFP\2.7.0\Device\I
nclude -IC:\Keil_v5\ARM\CMSIS\Include --predefine="__MICROLIB SETA 1" --predefi
ne="__UVISION_VERSION SETA 528" --predefine="LPC54608 SETA 1" --predefine="DEBU
G SETA 1" --predefine="__CC_ARM SETA 1" --predefine="KEIL SETA 1" --predefine="
DEBUG SETA 1" --list=.\output\startup_lpc54608.lst ..\devices\LPC54608\arm\star



ARM Macro Assembler    Page 18 


tup_LPC54608.s
